<?xml version="1.0" encoding="UTF-8"?>
<!-- Generated by org.testng.reporters.JUnitReportReporter -->
<testsuite hostname="LAPTOP-0AP94ACM" failures="0" tests="1" name="com.actitime.testscripts.CustomerModule" time="10.893" errors="0" timestamp="2023-07-29T00:37:23 IST" skipped="0">
  <testcase classname="com.actitime.testscripts.CustomerModule" name="CreateCustomer" time="10.893"/>
  <system-out/>
</testsuite> <!-- com.actitime.testscripts.CustomerModule -->
